# JRE version: OpenJDK Runtime Environment (21.0.5) (build 21.0.5+-12932927-b750.29)
# Java VM: OpenJDK 64-Bit Server VM (21.0.5+-12932927-b750.29, mixed mode, tiered, compressed oops, compressed class ptrs, g1 gc, windows-amd64)
GC Precious Log:
 CardTable entry size: 512
 Card Set container configuration: InlinePtr #cards 5 size 8 Array Of Cards #cards 12 size 40 Howl #buckets 4 coarsen threshold 1843 Howl Bitmap #cards 512 size 80 coarsen threshold 460 Card regions per heap region 1 cards per card region 2048
 CPUs: 8 total, 8 available
 Memory: 16151M
 Large Page Support: Disabled
 NUMA Support: Disabled
 Compressed Oops: Enabled (32-bit)
 Heap Region Size: 1M
 Heap Min Capacity: 8M
 Heap Initial Capacity: 254M
 Heap Max Capacity: 2G
 Pre-touch: Disabled
 Parallel Workers: 8
 Concurrent Workers: 2
 Concurrent Refinement Workers: 8
 Periodic GC: Disabled
Heap:
 garbage-first heap   total 274432K, used 172586K [0x0000000080000000, 0x0000000100000000)
  region size 1024K, 52 young (53248K), 5 survivors (5120K)
 Metaspace       used 150329K, committed 152704K, reserved 1245184K
  class space    used 20308K, committed 21504K, reserved 1048576K
GC Heap History (20 events):
Event: 117.399 GC heap before
{Heap before GC invocations=68 (full 0):
 garbage-first heap   total 224256K, used 206848K [0x0000000080000000, 0x0000000100000000)
  region size 1024K, 41 young (41984K), 8 survivors (8192K)
 Metaspace       used 123952K, committed 126208K, reserved 1179648K
  class space    used 16552K, committed 17664K, reserved 1048576K
}
Event: 117.414 GC heap after
{Heap after GC invocations=69 (full 0):
 garbage-first heap   total 227328K, used 155842K [0x0000000080000000, 0x0000000100000000)
  region size 1024K, 5 young (5120K), 5 survivors (5120K)
 Metaspace       used 123952K, committed 126208K, reserved 1179648K
  class space    used 16552K, committed 17664K, reserved 1048576K
}
Event: 117.782 GC heap before
{Heap before GC invocations=69 (full 0):
 garbage-first heap   total 227328K, used 186562K [0x0000000080000000, 0x0000000100000000)
  region size 1024K, 37 young (37888K), 5 survivors (5120K)
 Metaspace       used 124014K, committed 126272K, reserved 1179648K
  class space    used 16555K, committed 17664K, reserved 1048576K
}
Event: 117.787 GC heap after
{Heap after GC invocations=70 (full 0):
 garbage-first heap   total 227328K, used 158860K [0x0000000080000000, 0x0000000100000000)
  region size 1024K, 4 young (4096K), 4 survivors (4096K)
 Metaspace       used 124014K, committed 126272K, reserved 1179648K
  class space    used 16555K, committed 17664K, reserved 1048576K
}
Event: 118.555 GC heap before
{Heap before GC invocations=71 (full 0):
 garbage-first heap   total 271360K, used 202892K [0x0000000080000000, 0x0000000100000000)
  region size 1024K, 42 young (43008K), 4 survivors (4096K)
 Metaspace       used 124083K, committed 126336K, reserved 1179648K
  class space    used 16554K, committed 17664K, reserved 1048576K
}
Event: 118.566 GC heap after
{Heap after GC invocations=72 (full 0):
 garbage-first heap   total 271360K, used 173424K [0x0000000080000000, 0x0000000100000000)
  region size 1024K, 6 young (6144K), 6 survivors (6144K)
 Metaspace       used 124083K, committed 126336K, reserved 1179648K
  class space    used 16554K, committed 17664K, reserved 1048576K
}
Event: 119.894 GC heap before
{Heap before GC invocations=72 (full 0):
 garbage-first heap   total 271360K, used 231792K [0x0000000080000000, 0x0000000100000000)
  region size 1024K, 62 young (63488K), 6 survivors (6144K)
 Metaspace       used 126643K, committed 128960K, reserved 1179648K
  class space    used 16868K, committed 18048K, reserved 1048576K
}
Event: 119.911 GC heap after
{Heap after GC invocations=73 (full 0):
 garbage-first heap   total 271360K, used 153709K [0x0000000080000000, 0x0000000100000000)
  region size 1024K, 5 young (5120K), 5 survivors (5120K)
 Metaspace       used 126643K, committed 128960K, reserved 1179648K
  class space    used 16868K, committed 18048K, reserved 1048576K
}
Event: 121.231 GC heap before
{Heap before GC invocations=73 (full 0):
 garbage-first heap   total 271360K, used 227437K [0x0000000080000000, 0x0000000100000000)
  region size 1024K, 78 young (79872K), 5 survivors (5120K)
 Metaspace       used 134803K, committed 137152K, reserved 1179648K
  class space    used 18106K, committed 19264K, reserved 1048576K
}
Event: 121.246 GC heap after
{Heap after GC invocations=74 (full 0):
 garbage-first heap   total 271360K, used 158492K [0x0000000080000000, 0x0000000100000000)
  region size 1024K, 10 young (10240K), 10 survivors (10240K)
 Metaspace       used 134803K, committed 137152K, reserved 1179648K
  class space    used 18106K, committed 19264K, reserved 1048576K
}
Event: 122.351 GC heap before
{Heap before GC invocations=74 (full 0):
 garbage-first heap   total 271360K, used 233244K [0x0000000080000000, 0x0000000100000000)
  region size 1024K, 84 young (86016K), 10 survivors (10240K)
 Metaspace       used 140638K, committed 142976K, reserved 1179648K
  class space    used 18878K, committed 20032K, reserved 1048576K
}
Event: 122.364 GC heap after
{Heap after GC invocations=75 (full 0):
 garbage-first heap   total 271360K, used 152871K [0x0000000080000000, 0x0000000100000000)
  region size 1024K, 2 young (2048K), 2 survivors (2048K)
 Metaspace       used 140638K, committed 142976K, reserved 1179648K
  class space    used 18878K, committed 20032K, reserved 1048576K
}
Event: 122.530 GC heap before
{Heap before GC invocations=75 (full 0):
 garbage-first heap   total 271360K, used 159015K [0x0000000080000000, 0x0000000100000000)
  region size 1024K, 9 young (9216K), 2 survivors (2048K)
 Metaspace       used 140679K, committed 143040K, reserved 1179648K
  class space    used 18878K, committed 20032K, reserved 1048576K
}
Event: 122.533 GC heap after
{Heap after GC invocations=76 (full 0):
 garbage-first heap   total 271360K, used 153447K [0x0000000080000000, 0x0000000100000000)
  region size 1024K, 3 young (3072K), 3 survivors (3072K)
 Metaspace       used 140679K, committed 143040K, reserved 1179648K
  class space    used 18878K, committed 20032K, reserved 1048576K
}
Event: 125.058 GC heap before
{Heap before GC invocations=77 (full 0):
 garbage-first heap   total 271360K, used 269159K [0x0000000080000000, 0x0000000100000000)
  region size 1024K, 83 young (84992K), 3 survivors (3072K)
 Metaspace       used 144947K, committed 147392K, reserved 1179648K
  class space    used 19658K, committed 20864K, reserved 1048576K
}
Event: 125.064 GC heap after
{Heap after GC invocations=78 (full 0):
 garbage-first heap   total 274432K, used 150104K [0x0000000080000000, 0x0000000100000000)
  region size 1024K, 3 young (3072K), 3 survivors (3072K)
 Metaspace       used 144947K, committed 147392K, reserved 1179648K
  class space    used 19658K, committed 20864K, reserved 1048576K
}
Event: 4912.623 GC heap before
{Heap before GC invocations=78 (full 0):
 garbage-first heap   total 274432K, used 252504K [0x0000000080000000, 0x0000000100000000)
  region size 1024K, 104 young (106496K), 3 survivors (3072K)
 Metaspace       used 145222K, committed 147584K, reserved 1179648K
  class space    used 19659K, committed 20864K, reserved 1048576K
}
Event: 4912.686 GC heap after
{Heap after GC invocations=79 (full 0):
 garbage-first heap   total 274432K, used 127339K [0x0000000080000000, 0x0000000100000000)
  region size 1024K, 3 young (3072K), 3 survivors (3072K)
 Metaspace       used 145222K, committed 147584K, reserved 1179648K
  class space    used 19659K, committed 20864K, reserved 1048576K
}
Event: 10189.487 GC heap before
{Heap before GC invocations=79 (full 0):
 garbage-first heap   total 274432K, used 254315K [0x0000000080000000, 0x0000000100000000)
  region size 1024K, 128 young (131072K), 3 survivors (3072K)
 Metaspace       used 146070K, committed 148416K, reserved 1179648K
  class space    used 19759K, committed 20928K, reserved 1048576K
}
Event: 10189.571 GC heap after
{Heap after GC invocations=80 (full 0):
 garbage-first heap   total 274432K, used 126506K [0x0000000080000000, 0x0000000100000000)
  region size 1024K, 5 young (5120K), 5 survivors (5120K)
 Metaspace       used 146070K, committed 148416K, reserved 1179648K
  class space    used 19759K, committed 20928K, reserved 1048576K
}

