# JRE version: OpenJDK Runtime Environment (21.0.5) (build 21.0.5+-12932927-b750.29)
# Java VM: OpenJDK 64-Bit Server VM (21.0.5+-12932927-b750.29, mixed mode, tiered, compressed oops, compressed class ptrs, g1 gc, windows-amd64)
GC Precious Log:
 CardTable entry size: 512
 Card Set container configuration: InlinePtr #cards 5 size 8 Array Of Cards #cards 12 size 40 Howl #buckets 4 coarsen threshold 1843 Howl Bitmap #cards 512 size 80 coarsen threshold 460 Card regions per heap region 1 cards per card region 2048
 CPUs: 8 total, 8 available
 Memory: 16151M
 Large Page Support: Disabled
 NUMA Support: Disabled
 Compressed Oops: Enabled (32-bit)
 Heap Region Size: 1M
 Heap Min Capacity: 8M
 Heap Initial Capacity: 254M
 Heap Max Capacity: 2G
 Pre-touch: Disabled
 Parallel Workers: 8
 Concurrent Workers: 2
 Concurrent Refinement Workers: 8
 Periodic GC: Disabled
Heap:
 garbage-first heap   total 194560K, used 127941K [0x0000000080000000, 0x0000000100000000)
  region size 1024K, 9 young (9216K), 2 survivors (2048K)
 Metaspace       used 106878K, committed 108992K, reserved 1179648K
  class space    used 14487K, committed 15552K, reserved 1048576K
GC Heap History (20 events):
Event: 17.881 GC heap before
{Heap before GC invocations=26 (full 0):
 garbage-first heap   total 128000K, used 108672K [0x0000000080000000, 0x0000000100000000)
  region size 1024K, 39 young (39936K), 6 survivors (6144K)
 Metaspace       used 84702K, committed 86656K, reserved 1179648K
  class space    used 11413K, committed 12416K, reserved 1048576K
}
Event: 17.887 GC heap after
{Heap after GC invocations=27 (full 0):
 garbage-first heap   total 128000K, used 78257K [0x0000000080000000, 0x0000000100000000)
  region size 1024K, 2 young (2048K), 2 survivors (2048K)
 Metaspace       used 84702K, committed 86656K, reserved 1179648K
  class space    used 11413K, committed 12416K, reserved 1048576K
}
Event: 18.655 GC heap before
{Heap before GC invocations=28 (full 0):
 garbage-first heap   total 132096K, used 116145K [0x0000000080000000, 0x0000000100000000)
  region size 1024K, 39 young (39936K), 2 survivors (2048K)
 Metaspace       used 87754K, committed 89664K, reserved 1179648K
  class space    used 11957K, committed 12928K, reserved 1048576K
}
Event: 18.660 GC heap after
{Heap after GC invocations=29 (full 0):
 garbage-first heap   total 132096K, used 77538K [0x0000000080000000, 0x0000000100000000)
  region size 1024K, 3 young (3072K), 3 survivors (3072K)
 Metaspace       used 87754K, committed 89664K, reserved 1179648K
  class space    used 11957K, committed 12928K, reserved 1048576K
}
Event: 19.225 GC heap before
{Heap before GC invocations=29 (full 0):
 garbage-first heap   total 132096K, used 120546K [0x0000000080000000, 0x0000000100000000)
  region size 1024K, 45 young (46080K), 3 survivors (3072K)
 Metaspace       used 91089K, committed 93120K, reserved 1179648K
  class space    used 12462K, committed 13504K, reserved 1048576K
}
Event: 19.230 GC heap after
{Heap after GC invocations=30 (full 0):
 garbage-first heap   total 132096K, used 78949K [0x0000000080000000, 0x0000000100000000)
  region size 1024K, 5 young (5120K), 5 survivors (5120K)
 Metaspace       used 91089K, committed 93120K, reserved 1179648K
  class space    used 12462K, committed 13504K, reserved 1048576K
}
Event: 19.816 GC heap before
{Heap before GC invocations=30 (full 0):
 garbage-first heap   total 132096K, used 118885K [0x0000000080000000, 0x0000000100000000)
  region size 1024K, 44 young (45056K), 5 survivors (5120K)
 Metaspace       used 94378K, committed 96512K, reserved 1179648K
  class space    used 12944K, committed 14016K, reserved 1048576K
}
Event: 19.823 GC heap after
{Heap after GC invocations=31 (full 0):
 garbage-first heap   total 132096K, used 81373K [0x0000000080000000, 0x0000000100000000)
  region size 1024K, 5 young (5120K), 5 survivors (5120K)
 Metaspace       used 94378K, committed 96512K, reserved 1179648K
  class space    used 12944K, committed 14016K, reserved 1048576K
}
Event: 20.461 GC heap before
{Heap before GC invocations=32 (full 0):
 garbage-first heap   total 135168K, used 117213K [0x0000000080000000, 0x0000000100000000)
  region size 1024K, 41 young (41984K), 5 survivors (5120K)
 Metaspace       used 97766K, committed 99904K, reserved 1179648K
  class space    used 13449K, committed 14528K, reserved 1048576K
}
Event: 20.468 GC heap after
{Heap after GC invocations=33 (full 0):
 garbage-first heap   total 162816K, used 82283K [0x0000000080000000, 0x0000000100000000)
  region size 1024K, 5 young (5120K), 5 survivors (5120K)
 Metaspace       used 97766K, committed 99904K, reserved 1179648K
  class space    used 13449K, committed 14528K, reserved 1048576K
}
Event: 21.451 GC heap before
{Heap before GC invocations=33 (full 0):
 garbage-first heap   total 162816K, used 146795K [0x0000000080000000, 0x0000000100000000)
  region size 1024K, 69 young (70656K), 5 survivors (5120K)
 Metaspace       used 101188K, committed 103296K, reserved 1179648K
  class space    used 13968K, committed 15040K, reserved 1048576K
}
Event: 21.460 GC heap after
{Heap after GC invocations=34 (full 0):
 garbage-first heap   total 162816K, used 88161K [0x0000000080000000, 0x0000000100000000)
  region size 1024K, 9 young (9216K), 9 survivors (9216K)
 Metaspace       used 101188K, committed 103296K, reserved 1179648K
  class space    used 13968K, committed 15040K, reserved 1048576K
}
Event: 21.851 GC heap before
{Heap before GC invocations=34 (full 0):
 garbage-first heap   total 162816K, used 142433K [0x0000000080000000, 0x0000000100000000)
  region size 1024K, 63 young (64512K), 9 survivors (9216K)
 Metaspace       used 101632K, committed 103744K, reserved 1179648K
  class space    used 14048K, committed 15104K, reserved 1048576K
}
Event: 21.859 GC heap after
{Heap after GC invocations=35 (full 0):
 garbage-first heap   total 162816K, used 91265K [0x0000000080000000, 0x0000000100000000)
  region size 1024K, 5 young (5120K), 5 survivors (5120K)
 Metaspace       used 101632K, committed 103744K, reserved 1179648K
  class space    used 14048K, committed 15104K, reserved 1048576K
}
Event: 22.628 GC heap before
{Heap before GC invocations=36 (full 0):
 garbage-first heap   total 165888K, used 153729K [0x0000000080000000, 0x0000000100000000)
  region size 1024K, 60 young (61440K), 5 survivors (5120K)
 Metaspace       used 104639K, committed 106816K, reserved 1179648K
  class space    used 14288K, committed 15360K, reserved 1048576K
}
Event: 22.642 GC heap after
{Heap after GC invocations=37 (full 0):
 garbage-first heap   total 179200K, used 110127K [0x0000000080000000, 0x0000000100000000)
  region size 1024K, 8 young (8192K), 8 survivors (8192K)
 Metaspace       used 104639K, committed 106816K, reserved 1179648K
  class space    used 14288K, committed 15360K, reserved 1048576K
}
Event: 23.350 GC heap before
{Heap before GC invocations=37 (full 0):
 garbage-first heap   total 179200K, used 176687K [0x0000000080000000, 0x0000000100000000)
  region size 1024K, 52 young (53248K), 8 survivors (8192K)
 Metaspace       used 105341K, committed 107456K, reserved 1179648K
  class space    used 14354K, committed 15424K, reserved 1048576K
}
Event: 23.361 GC heap after
{Heap after GC invocations=38 (full 0):
 garbage-first heap   total 194560K, used 115214K [0x0000000080000000, 0x0000000100000000)
  region size 1024K, 7 young (7168K), 7 survivors (7168K)
 Metaspace       used 105341K, committed 107456K, reserved 1179648K
  class space    used 14354K, committed 15424K, reserved 1048576K
}
Event: 23.434 GC heap before
{Heap before GC invocations=38 (full 0):
 garbage-first heap   total 194560K, used 122382K [0x0000000080000000, 0x0000000100000000)
  region size 1024K, 16 young (16384K), 7 survivors (7168K)
 Metaspace       used 106059K, committed 108224K, reserved 1179648K
  class space    used 14421K, committed 15488K, reserved 1048576K
}
Event: 23.440 GC heap after
{Heap after GC invocations=39 (full 0):
 garbage-first heap   total 194560K, used 116677K [0x0000000080000000, 0x0000000100000000)
  region size 1024K, 2 young (2048K), 2 survivors (2048K)
 Metaspace       used 106059K, committed 108224K, reserved 1179648K
  class space    used 14421K, committed 15488K, reserved 1048576K
}

